<?xml version="1.0" encoding="UTF-8"?>
<testsuite xmlns:xsi="http://www.w3.org/2001/XMLSchema-instance" xsi:noNamespaceSchemaLocation="https://maven.apache.org/surefire/maven-surefire-plugin/xsd/surefire-test-report-3.0.xsd" version="3.0" name="cucumber.Options.TestRunner" time="8.261" tests="3" errors="0" skipped="0" failures="0">
  <properties>
[...]
</properties>
  <testcase name="Verify if Place is being successfully added using AddPlaceAPI #1" classname="Validating Place API&apos;s" time="3.966">
    <system-out><![CDATA[/maps/api/place/add/json
/maps/api/place/get/json
]]></system-out>
  </testcase>
  <testcase name="Verify if Place is being successfully added using AddPlaceAPI #2" classname="Validating Place API&apos;s" time="2.127">
    <system-out><![CDATA[/maps/api/place/add/json
/maps/api/place/get/json
]]></system-out>
  </testcase>
  <testcase name="Verify if Delete Place Functionality is working" classname="Validating Place API&apos;s" time="1.422">
    <system-out><![CDATA[/maps/api/place/delete/json
]]></system-out>
  </testcase>
</testsuite>